<?xml version="1.0" encoding="UTF-8"?>
<!-- Generated by org.testng.reporters.JUnitReportReporter -->
<testsuite hostname="DESKTOP-J0OHCN8" failures="0" tests="10" name="lppackage.LpPoCTest" time="58.801" errors="0" timestamp="21 Jan. 2019 00:27:57 GMT" skipped="0">
  <testcase classname="lppackage.LpPoCTest" name="verifyLandingPageTitle" time="8.441"/>
  <testcase classname="lppackage.LpPoCTest" name="enteringLEARNING_GOALS" time="8.445"/>
  <testcase classname="lppackage.LpPoCTest" name="verifyNoPracticeAssigned" time="3.568"/>
  <testcase classname="lppackage.LpPoCTest" name="assginPracticeVia_PRACTICE_ASSIGNMENT" time="6.204"/>
  <testcase classname="lppackage.LpPoCTest" name="verifyNextPracticeHistSummary" time="4.642"/>
  <testcase classname="lppackage.LpPoCTest" name="drawOnCanvasWithPen" time="7.430"/>
  <testcase classname="lppackage.LpPoCTest" name="undoFunctionalities" time="2.717"/>
  <testcase classname="lppackage.LpPoCTest" name="zoomFunctionalities" time="3.729"/>
  <testcase classname="lppackage.LpPoCTest" name="ChatFunctionality" time="5.550"/>
  <testcase classname="lppackage.LpPoCTest" name="submitingLEARNING_REFLECTION" time="8.075"/>
</testsuite> <!-- lppackage.LpPoCTest -->
