<?xml version="1.0" encoding="UTF-8"?>
<!-- Generated by org.testng.reporters.JUnitReportReporter -->
<testsuite skipped="0" hostname="DESKTOP-Q8JRQO9" name="lppackage.LpPoCTest" tests="10" failures="0" timestamp="22 Jan 2019 03:50:39 GMT" time="59.973" errors="0">
  <testcase name="verifyLandingPageTitle" time="8.431" classname="lppackage.LpPoCTest"/>
  <testcase name="enteringLEARNING_GOALS" time="8.339" classname="lppackage.LpPoCTest"/>
  <testcase name="verifyNoPracticeAssigned" time="3.529" classname="lppackage.LpPoCTest"/>
  <testcase name="assginPracticeVia_PRACTICE_ASSIGNMENT" time="6.082" classname="lppackage.LpPoCTest"/>
  <testcase name="verifyNextPracticeHistSummary" time="6.732" classname="lppackage.LpPoCTest"/>
  <testcase name="drawOnCanvasWithPen" time="7.315" classname="lppackage.LpPoCTest"/>
  <testcase name="undoFunctionalities" time="2.530" classname="lppackage.LpPoCTest"/>
  <testcase name="zoomFunctionalities" time="3.548" classname="lppackage.LpPoCTest"/>
  <testcase name="ChatFunctionality" time="5.494" classname="lppackage.LpPoCTest"/>
  <testcase name="submitingLEARNING_REFLECTION" time="7.973" classname="lppackage.LpPoCTest"/>
</testsuite> <!-- lppackage.LpPoCTest -->
